<?xml version="1.0" encoding="UTF-8"?>
<!-- Generated by org.testng.reporters.JUnitReportReporter -->
<testsuite hostname="LAP-MONALIP" failures="0" tests="1" name="com.selenium.testcase.InternetClass" time="1.356" errors="0" timestamp="2025-01-22T16:23:23 IST" skipped="0">
  <testcase classname="com.selenium.testcase.InternetClass" name="DDF" time="1.356"/>
</testsuite> <!-- com.selenium.testcase.InternetClass -->
