<?xml version="1.0" encoding="UTF-8"?>
<!-- Generated by org.testng.reporters.JUnitReportReporter -->
<testsuite hostname="LAP-MONALIP" failures="0" tests="3" name="com.selenium.testcase.DemoClass" time="0.101" errors="0" timestamp="2025-01-22T16:23:23 IST" skipped="0">
  <testcase classname="com.selenium.testcase.DemoClass" name="anotherTestMethod" time="0.082"/>
  <testcase classname="com.selenium.testcase.DemoClass" name="testMethod" time="0.006"/>
  <testcase classname="com.selenium.testcase.DemoClass" name="yourTestMethod" time="0.013"/>
</testsuite> <!-- com.selenium.testcase.DemoClass -->
