<?xml version="1.0" encoding="UTF-8"?>
<!-- Generated by org.testng.reporters.JUnitReportReporter -->
<testsuite hostname="LAP-MONALIP" failures="0" tests="3" name="com.selenium.testcase.HelloJava" time="0.018" errors="0" timestamp="2025-01-22T16:23:23 IST" skipped="0">
  <testcase classname="com.selenium.testcase.HelloJava" name="yourTestMethod" time="0.007"/>
  <testcase classname="com.selenium.testcase.HelloJava" name="testMethod1" time="0.007"/>
  <testcase classname="com.selenium.testcase.HelloJava" name="anotherTestMethod2" time="0.004"/>
</testsuite> <!-- com.selenium.testcase.HelloJava -->
